17:11:46 **** Build of configuration Debug for project dataextraction ****
ninja all 
[1/2] Building src/dataextraction.o
[2/2] Linking dataextraction
17:12:14 **** Incremental Build of configuration Debug for project dataextraction ****
ninja all 
ninja: no work to do.
17:12:22 **** Incremental Build of configuration Debug for project dataextraction ****
ninja all 
ninja: no work to do.
17:12:28 **** Incremental Build of configuration Debug for project dataextraction ****
ninja all 
ninja: no work to do.
17:13:44 **** Incremental Build of configuration Debug for project dataextraction ****
ninja all 
[1/2] Building src/dataextraction.o
[2/2] Linking dataextraction
17:14:47 **** Incremental Build of configuration Debug for project dataextraction ****
ninja all 
ninja: no work to do.
17:16:11 **** Incremental Build of configuration Debug for project dataextraction ****
ninja all 
ninja: no work to do.
17:16:52 **** Incremental Build of configuration Debug for project dataextraction ****
ninja all 
[1/2] Building src/dataextraction.o
[2/2] Linking dataextraction
17:18:16 **** Incremental Build of configuration Debug for project dataextraction ****
ninja all 
ninja: no work to do.
17:18:28 **** Auto Build of configuration Debug for project dataextraction ****
ninja all 
ninja: no work to do.
17:18:34 **** Incremental Build of configuration Debug for project dataextraction ****
ninja all 
ninja: no work to do.
17:18:36 **** Auto Build of configuration Debug for project dataextraction ****
ninja all 
ninja: no work to do.
17:19:17 **** Auto Build of configuration Debug for project dataextraction ****
ninja all 
[1/2] Building src/dataextraction.o
[2/2] Linking dataextraction
17:19:27 **** Incremental Build of configuration Debug for project dataextraction ****
ninja all 
ninja: no work to do.
17:19:29 **** Auto Build of configuration Debug for project dataextraction ****
ninja all 
ninja: no work to do.
17:19:30 **** Auto Build of configuration Debug for project dataextraction ****
ninja all 
ninja: no work to do.
17:19:33 **** Auto Build of configuration Debug for project dataextraction ****
ninja all 
ninja: no work to do.
17:24:55 **** Auto Build of configuration Debug for project dataextraction ****
ninja all 
ninja: no work to do.
17:25:59 **** Auto Build of configuration Debug for project dataextraction ****
ninja all 
ninja: no work to do.
17:26:41 **** Auto Build of configuration Debug for project dataextraction ****
ninja all 
ninja: no work to do.
17:26:49 **** Auto Build of configuration Debug for project dataextraction ****
ninja all 
ninja: no work to do.
17:27:32 **** Incremental Build of configuration Debug for project dataextraction ****
ninja all 
ninja: no work to do.
17:27:34 **** Auto Build of configuration Debug for project dataextraction ****
ninja all 
ninja: no work to do.
17:27:35 **** Auto Build of configuration Debug for project dataextraction ****
ninja all 
ninja: no work to do.
17:27:38 **** Auto Build of configuration Debug for project dataextraction ****
ninja all 
ninja: no work to do.
17:28:24 **** Incremental Build of configuration Debug for project dataextraction ****
ninja all 
ninja: no work to do.
17:29:47 **** Auto Build of configuration Debug for project dataextraction ****
ninja all 
ninja: no work to do.
17:29:56 **** Auto Build of configuration Debug for project dataextraction ****
ninja all 
ninja: no work to do.
17:32:11 **** Auto Build of configuration Debug for project dataextraction ****
ninja all 
ninja: no work to do.
